TN:
SF:banco-de-dados/index.js
FNF:0
FNH:0
DA:1,1
DA:2,1
DA:3,1
DA:4,1
DA:5,1
DA:6,1
DA:7,1
DA:8,1
DA:9,1
DA:10,1
DA:11,1
DA:12,1
DA:13,1
DA:14,1
LF:14
LH:14
BRF:0
BRH:0
end_of_record
TN:
SF:erros/CampoInvalido.js
FN:2,CampoInvalido
FNF:1
FNH:0
FNDA:0,CampoInvalido
DA:1,1
DA:2,1
DA:3,0
DA:4,0
DA:5,0
DA:6,0
DA:7,1
LF:7
LH:3
BRF:0
BRH:0
end_of_record
TN:
SF:erros/DadosNaoFornecidos.js
FN:2,DadosNaoFornecidos
FNF:1
FNH:0
FNDA:0,DadosNaoFornecidos
DA:1,1
DA:2,1
DA:3,0
DA:4,0
DA:5,0
DA:6,0
DA:7,1
LF:7
LH:3
BRF:0
BRH:0
end_of_record
TN:
SF:erros/NaoEncontrado.js
FN:2,NaoEncontrado
FNF:1
FNH:0
FNDA:0,NaoEncontrado
DA:1,1
DA:2,1
DA:3,0
DA:4,0
DA:5,0
DA:6,0
DA:7,1
LF:7
LH:3
BRF:0
BRH:0
end_of_record
TN:
SF:rotas/fornecedores/Fornecedor.js
FN:6,Fornecedor
FN:10,criar
FN:24,carregar
FN:30,atualizar
FN:45,remover
FN:49,validar
FNF:6
FNH:2
FNDA:1,Fornecedor
FNDA:0,criar
FNDA:0,carregar
FNDA:0,atualizar
FNDA:0,remover
FNDA:1,validar
DA:1,1
DA:2,1
DA:3,1
DA:4,1
DA:5,1
DA:6,1
DA:7,1
DA:8,1
DA:9,1
DA:10,1
DA:11,0
DA:12,0
DA:13,0
DA:14,0
DA:15,0
DA:16,0
DA:17,0
DA:18,0
DA:19,0
DA:20,0
DA:21,0
DA:22,0
DA:23,1
DA:24,1
DA:25,0
DA:26,0
DA:27,0
DA:28,0
DA:29,1
DA:30,1
DA:31,0
DA:32,0
DA:33,0
DA:34,0
DA:35,0
DA:36,0
DA:37,0
DA:38,0
DA:39,0
DA:40,0
DA:41,0
DA:42,0
DA:43,0
DA:44,1
DA:45,1
DA:46,0
DA:47,0
DA:48,1
DA:49,1
DA:50,1
DA:51,1
DA:52,1
DA:53,3
DA:54,3
DA:55,3
DA:56,1
DA:57,1
LF:57
LH:26
BRDA:6,0,0,1
BRDA:49,1,0,1
BRDA:52,2,0,3
BRDA:54,3,0,0
BRF:4
BRH:3
end_of_record
TN:
SF:rotas/fornecedores/ModeloTabelaFornecedor.js
FNF:0
FNH:0
DA:1,1
DA:2,1
DA:3,1
DA:4,1
DA:5,1
DA:6,1
DA:7,1
DA:8,1
DA:9,1
DA:10,1
DA:11,1
DA:12,1
DA:13,1
DA:14,1
DA:15,1
DA:16,1
DA:17,1
DA:18,1
DA:19,1
DA:20,1
DA:21,1
DA:22,1
DA:23,1
DA:24,1
DA:25,1
DA:26,1
DA:27,1
DA:28,1
LF:28
LH:28
BRF:0
BRH:0
end_of_record
TN:
SF:rotas/fornecedores/TabelaFornecedor.js
FN:5,listar
FN:8,inserir
FN:11,pegarPorId
FN:19,atualizar
FN:25,remover
FNF:5
FNH:0
FNDA:0,listar
FNDA:0,inserir
FNDA:0,pegarPorId
FNDA:0,atualizar
FNDA:0,remover
DA:1,1
DA:2,1
DA:3,1
DA:4,1
DA:5,1
DA:6,0
DA:7,0
DA:8,1
DA:9,0
DA:10,0
DA:11,1
DA:12,0
DA:13,0
DA:14,0
DA:15,0
DA:16,0
DA:17,0
DA:18,1
DA:19,1
DA:20,0
DA:21,0
DA:22,0
DA:23,0
DA:24,1
DA:25,1
DA:26,0
DA:27,0
DA:28,1
LF:28
LH:12
BRF:0
BRH:0
end_of_record
